C51 COMPILER V9.60.0.0   DELAY                                                             06/04/2022 20:18:54 PAGE 1   


C51 COMPILER V9.60.0.0, COMPILATION OF MODULE DELAY
OBJECT MODULE PLACED IN .\Objects\delay.obj
COMPILER INVOKED BY: D:\Keil_v5\C51\BIN\C51.EXE delay.c OPTIMIZE(8,SPEED) BROWSE DEBUG OBJECTEXTEND PRINT(.\Listings\del
                    -ay.lst) TABS(2) OBJECT(.\Objects\delay.obj)

line level    source

   1          #include"delay.h"
   2          void delay_ms(unsigned int i)
   3          {
   4   1        int j;
   5   1        for(;i>0;i--)
   6   1          for(j=122;j>0;j--);
   7   1      }


MODULE INFORMATION:   STATIC OVERLAYABLE
   CODE SIZE        =     30    ----
   CONSTANT SIZE    =   ----    ----
   XDATA SIZE       =   ----    ----
   PDATA SIZE       =   ----    ----
   DATA SIZE        =   ----    ----
   IDATA SIZE       =   ----    ----
   BIT SIZE         =   ----    ----
END OF MODULE INFORMATION.


C51 COMPILATION COMPLETE.  0 WARNING(S),  0 ERROR(S)
