C51 COMPILER V9.60.0.0   KEYPAD                                                            06/05/2022 10:12:00 PAGE 1   


C51 COMPILER V9.60.0.0, COMPILATION OF MODULE KEYPAD
OBJECT MODULE PLACED IN .\Objects\keypad.obj
COMPILER INVOKED BY: D:\Keil_v5\C51\BIN\C51.EXE keypad.c OPTIMIZE(8,SPEED) BROWSE DEBUG OBJECTEXTEND PRINT(.\Listings\ke
                    -ypad.lst) TABS(2) OBJECT(.\Objects\keypad.obj)

line level    source

   1          #include <reg51.h>
   2          
   3          sbit r1=P1^0;
   4          sbit r2=P1^1;
   5          sbit r3=P1^2;
   6          sbit r4=P1^3;
   7          sbit c1=P1^4;
   8          sbit c2=P1^5;
   9          sbit c3=P1^6;
  10          
  11          char key_val()
  12          {
  13   1        c1=c2=c3=1;
  14   1        r1=r2=r3=r4=0;
  15   1        
  16   1        if(c1==0)//c1 is pressed
  17   1        {
  18   2          r1=r2=r3=r4=1;
  19   2          c1=c2=c3=0;
  20   2          
  21   2          if(r1==0)//r1 is pressed
  22   2          {
  23   3            while(r1 == 0);
  24   3            return '1';
  25   3          }
  26   2          if(r2==0)//r1 is pressed
  27   2          {
  28   3            while(r2 == 0);
  29   3            return '4';
  30   3          }
  31   2          if(r3==0)//r1 is pressed
  32   2          {
  33   3            while(r3 == 0);
  34   3            return '7';
  35   3          }
  36   2          if(r4==0)//r1 is pressed
  37   2          {
  38   3            while(r4 == 0);
  39   3            return '*';
  40   3          }
  41   2        }
  42   1      
  43   1      
  44   1        else if(c2==0)//c2 is pressed
  45   1        {
  46   2          r1=r2=r3=r4=1;
  47   2          c1=c2=c3=0;
  48   2          
  49   2          if(r1==0)//r1 is pressed
  50   2          {
  51   3            while(r1 == 0);
  52   3            return '2';
  53   3          }
  54   2          if(r2==0)//r2 is pressed
C51 COMPILER V9.60.0.0   KEYPAD                                                            06/05/2022 10:12:00 PAGE 2   

  55   2          {
  56   3            while(r2 == 0);
  57   3            return '5';
  58   3          }
  59   2          if(r3==0)//r3 is pressed
  60   2          {
  61   3            while(r3 == 0);
  62   3            return '8';
  63   3          }
  64   2          if(r4==0)//r4 is pressed
  65   2          {
  66   3            while(r4 == 0);
  67   3            return '0';
  68   3          }
  69   2        } 
  70   1      
  71   1      
  72   1        else if(c3==0)//c3 is pressed
  73   1        {
  74   2          r1=r2=r3=r4=1;
  75   2          c1=c2=c3=0;
  76   2          
  77   2          if(r1==0)//r1 is pressed
  78   2          {
  79   3            while(r1 == 0);
  80   3            return '3';
  81   3          }
  82   2          if(r2==0)//r2 is pressed
  83   2          {
  84   3            while(r2 == 0);
  85   3            return '6';
  86   3          }
  87   2          if(r3==0)//r3 is pressed
  88   2          {
  89   3            while(r3 == 0);
  90   3            return '9';
  91   3          }
  92   2          if(r4==0)//r4 is pressed
  93   2          {
  94   3            while(r4 == 0);
  95   3            return '#';
  96   3          }
  97   2        }
  98   1      
  99   1      }
*** WARNING C291 IN LINE 99 OF keypad.c: not every exit path returns a value


MODULE INFORMATION:   STATIC OVERLAYABLE
   CODE SIZE        =    173    ----
   CONSTANT SIZE    =   ----    ----
   XDATA SIZE       =   ----    ----
   PDATA SIZE       =   ----    ----
   DATA SIZE        =   ----    ----
   IDATA SIZE       =   ----    ----
   BIT SIZE         =   ----    ----
END OF MODULE INFORMATION.


C51 COMPILATION COMPLETE.  1 WARNING(S),  0 ERROR(S)
