C51 COMPILER V9.60.0.0   MAIN_LCD                                                          06/02/2022 12:16:25 PAGE 1   


C51 COMPILER V9.60.0.0, COMPILATION OF MODULE MAIN_LCD
OBJECT MODULE PLACED IN .\Objects\main_LCD.obj
COMPILER INVOKED BY: C:\Keil_v5\C51\BIN\C51.EXE C:\Users\HP\OneDrive\Desktop\8051\lcd\main_LCD.c OPTIMIZE(8,SPEED) BROWS
                    -E DEBUG OBJECTEXTEND PRINT(.\Listings\main_LCD.lst) TABS(2) OBJECT(.\Objects\main_LCD.obj)

line level    source

   1          /*Write an ECP for displaying a ASCII
   2          character on LCD*/
   3          #include"lcd.h"
   4          main()
   5          {
   6   1        LCD_Init();
   7   1        Write_cmd_LCD(0x80);//Cursor placed in 1st pos
   8   1        Write_dat_LCD('A');
   9   1        Write_cmd_LCD(0x88);//Cursor placed in 1st pos
  10   1        Write_str_LCD("INDIA");
  11   1        while(1);
  12   1      }
  13          
  14          


MODULE INFORMATION:   STATIC OVERLAYABLE
   CODE SIZE        =     29    ----
   CONSTANT SIZE    =      6    ----
   XDATA SIZE       =   ----    ----
   PDATA SIZE       =   ----    ----
   DATA SIZE        =   ----    ----
   IDATA SIZE       =   ----    ----
   BIT SIZE         =   ----    ----
END OF MODULE INFORMATION.


C51 COMPILATION COMPLETE.  0 WARNING(S),  0 ERROR(S)
